app/fameli_app/build/intermediates/manifest_merge_blame_file/debug/processDebugMainManifest/manifest-merger-blame-debug-report.txt
1<?xml version="1.0" encoding="utf-8"?>
2<manifest xmlns:android="http://schemas.android.com/apk/res/android"
3    package="com.fameli.budget"
4    android:versionCode="1"
5    android:versionName="0.1.0" >
6
7    <uses-sdk
8        android:minSdkVersion="26"
9        android:targetSdkVersion="35" />
10
11    <uses-permission android:name="android.permission.INTERNET" />
11-->src/main/AndroidManifest.xml:3:5-67
11-->src/main/AndroidManifest.xml:3:22-64
12    <uses-permission android:name="android.permission.ACCESS_NETWORK_STATE" />
12-->src/main/AndroidManifest.xml:4:5-79
12-->src/main/AndroidManifest.xml:4:22-76
13    <uses-permission android:name="android.permission.POST_NOTIFICATIONS" />
13-->src/main/AndroidManifest.xml:5:5-77
13-->src/main/AndroidManifest.xml:5:22-74
14    <uses-permission android:name="android.permission.WAKE_LOCK" />
14-->[androidx.work:work-runtime:2.10.0] AndroidManifest.xml:23:5-68
14-->[androidx.work:work-runtime:2.10.0] AndroidManifest.xml:23:22-65
15    <uses-permission android:name="android.permission.RECEIVE_BOOT_COMPLETED" />
15-->[androidx.work:work-runtime:2.10.0] AndroidManifest.xml:25:5-81
15-->[androidx.work:work-runtime:2.10.0] AndroidManifest.xml:25:22-78
16    <uses-permission android:name="android.permission.FOREGROUND_SERVICE" /> <!-- Required by older versions of Google Play services to create IID tokens -->
16-->[androidx.work:work-runtime:2.10.0] AndroidManifest.xml:26:5-77
16-->[androidx.work:work-runtime:2.10.0] AndroidManifest.xml:26:22-74
17    <uses-permission android:name="com.google.android.c2dm.permission.RECEIVE" />
17-->[com.google.firebase:firebase-messaging:24.0.3] AndroidManifest.xml:26:5-82
17-->[com.google.firebase:firebase-messaging:24.0.3] AndroidManifest.xml:26:22-79
18    <uses-permission android:name="com.google.android.providers.gsf.permission.READ_GSERVICES" />
18-->[com.google.android.recaptcha:recaptcha:18.5.1] AndroidManifest.xml:9:5-98
18-->[com.google.android.recaptcha:recaptcha:18.5.1] AndroidManifest.xml:9:22-95
19
20    <permission
20-->[androidx.core:core:1.13.1] AndroidManifest.xml:22:5-24:47
21        android:name="com.fameli.budget.DYNAMIC_RECEIVER_NOT_EXPORTED_PERMISSION"
21-->[androidx.core:core:1.13.1] AndroidManifest.xml:23:9-81
22        android:protectionLevel="signature" />
22-->[androidx.core:core:1.13.1] AndroidManifest.xml:24:9-44
23
24    <uses-permission android:name="com.fameli.budget.DYNAMIC_RECEIVER_NOT_EXPORTED_PERMISSION" />
24-->[androidx.core:core:1.13.1] AndroidManifest.xml:26:5-97
24-->[androidx.core:core:1.13.1] AndroidManifest.xml:26:22-94
25
26    <application
26-->src/main/AndroidManifest.xml:7:5-49:19
27        android:name="com.fameli.budget.FameliApp"
27-->src/main/AndroidManifest.xml:8:9-34
28        android:allowBackup="true"
28-->src/main/AndroidManifest.xml:9:9-35
29        android:appComponentFactory="androidx.core.app.CoreComponentFactory"
29-->[androidx.core:core:1.13.1] AndroidManifest.xml:28:18-86
30        android:debuggable="true"
31        android:extractNativeLibs="false"
32        android:icon="@mipmap/ic_launcher"
32-->src/main/AndroidManifest.xml:10:9-43
33        android:label="Fameli"
33-->src/main/AndroidManifest.xml:11:9-31
34        android:supportsRtl="true"
34-->src/main/AndroidManifest.xml:12:9-35
35        android:theme="@style/Theme.Fameli.Splash" >
35-->src/main/AndroidManifest.xml:13:9-51
36        <activity
36-->src/main/AndroidManifest.xml:15:9-29:20
37            android:name="com.fameli.budget.MainActivity"
37-->src/main/AndroidManifest.xml:16:13-41
38            android:exported="true"
38-->src/main/AndroidManifest.xml:17:13-36
39            android:theme="@style/Theme.Fameli.Splash" >
39-->src/main/AndroidManifest.xml:18:13-55
40            <intent-filter>
40-->src/main/AndroidManifest.xml:19:13-22:29
41                <action android:name="android.intent.action.MAIN" />
41-->src/main/AndroidManifest.xml:20:17-69
41-->src/main/AndroidManifest.xml:20:25-66
42
43                <category android:name="android.intent.category.LAUNCHER" />
43-->src/main/AndroidManifest.xml:21:17-77
43-->src/main/AndroidManifest.xml:21:27-74
44            </intent-filter>
45            <intent-filter>
45-->src/main/AndroidManifest.xml:23:13-28:29
46                <action android:name="android.intent.action.VIEW" />
46-->src/main/AndroidManifest.xml:24:17-69
46-->src/main/AndroidManifest.xml:24:25-66
47
48                <category android:name="android.intent.category.DEFAULT" />
48-->src/main/AndroidManifest.xml:25:17-76
48-->src/main/AndroidManifest.xml:25:27-73
49                <category android:name="android.intent.category.BROWSABLE" />
49-->src/main/AndroidManifest.xml:26:17-78
49-->src/main/AndroidManifest.xml:26:27-75
50
51                <data
51-->src/main/AndroidManifest.xml:27:17-81
52                    android:host="oauth"
52-->src/main/AndroidManifest.xml:27:23-43
53                    android:scheme="com.fameli.budget" />
53-->src/main/AndroidManifest.xml:27:44-78
54            </intent-filter>
55        </activity>
56
57        <service
57-->src/main/AndroidManifest.xml:31:9-37:19
58            android:name="com.fameli.budget.firebase.FameliFirebaseMessagingService"
58-->src/main/AndroidManifest.xml:32:13-68
59            android:exported="false" >
59-->src/main/AndroidManifest.xml:33:13-37
60            <intent-filter>
60-->src/main/AndroidManifest.xml:34:13-36:29
61                <action android:name="com.google.firebase.MESSAGING_EVENT" />
61-->src/main/AndroidManifest.xml:35:17-78
61-->src/main/AndroidManifest.xml:35:25-75
62            </intent-filter>
63        </service>
64
65        <receiver
65-->src/main/AndroidManifest.xml:39:9-48:20
66            android:name="com.fameli.budget.widget.BudgetWidgetProvider"
66-->src/main/AndroidManifest.xml:40:13-56
67            android:exported="true" >
67-->src/main/AndroidManifest.xml:41:13-36
68            <intent-filter>
68-->src/main/AndroidManifest.xml:42:13-44:29
69                <action android:name="android.appwidget.action.APPWIDGET_UPDATE" />
69-->src/main/AndroidManifest.xml:43:17-84
69-->src/main/AndroidManifest.xml:43:25-81
70            </intent-filter>
71
72            <meta-data
72-->src/main/AndroidManifest.xml:45:13-47:62
73                android:name="android.appwidget.provider"
73-->src/main/AndroidManifest.xml:46:17-58
74                android:resource="@xml/budget_widget_info" />
74-->src/main/AndroidManifest.xml:47:17-59
75        </receiver>
76
77        <provider
77-->[androidx.work:work-runtime:2.10.0] AndroidManifest.xml:29:9-37:20
78            android:name="androidx.startup.InitializationProvider"
78-->[androidx.work:work-runtime:2.10.0] AndroidManifest.xml:30:13-67
79            android:authorities="com.fameli.budget.androidx-startup"
79-->[androidx.work:work-runtime:2.10.0] AndroidManifest.xml:31:13-68
80            android:exported="false" >
80-->[androidx.work:work-runtime:2.10.0] AndroidManifest.xml:32:13-37
81            <meta-data
81-->[androidx.work:work-runtime:2.10.0] AndroidManifest.xml:34:13-36:52
82                android:name="androidx.work.WorkManagerInitializer"
82-->[androidx.work:work-runtime:2.10.0] AndroidManifest.xml:35:17-68
83                android:value="androidx.startup" />
83-->[androidx.work:work-runtime:2.10.0] AndroidManifest.xml:36:17-49
84            <meta-data
84-->[androidx.emoji2:emoji2:1.3.0] AndroidManifest.xml:29:13-31:52
85                android:name="androidx.emoji2.text.EmojiCompatInitializer"
85-->[androidx.emoji2:emoji2:1.3.0] AndroidManifest.xml:30:17-75
86                android:value="androidx.startup" />
86-->[androidx.emoji2:emoji2:1.3.0] AndroidManifest.xml:31:17-49
87            <meta-data
87-->[androidx.lifecycle:lifecycle-process:2.8.6] AndroidManifest.xml:29:13-31:52
88                android:name="androidx.lifecycle.ProcessLifecycleInitializer"
88-->[androidx.lifecycle:lifecycle-process:2.8.6] AndroidManifest.xml:30:17-78
89                android:value="androidx.startup" />
89-->[androidx.lifecycle:lifecycle-process:2.8.6] AndroidManifest.xml:31:17-49
90            <meta-data
90-->[androidx.profileinstaller:profileinstaller:1.3.1] AndroidManifest.xml:29:13-31:52
91                android:name="androidx.profileinstaller.ProfileInstallerInitializer"
91-->[androidx.profileinstaller:profileinstaller:1.3.1] AndroidManifest.xml:30:17-85
92                android:value="androidx.startup" />
92-->[androidx.profileinstaller:profileinstaller:1.3.1] AndroidManifest.xml:31:17-49
93        </provider>
94
95        <service
95-->[androidx.work:work-runtime:2.10.0] AndroidManifest.xml:39:9-45:35
96            android:name="androidx.work.impl.background.systemalarm.SystemAlarmService"
96-->[androidx.work:work-runtime:2.10.0] AndroidManifest.xml:40:13-88
97            android:directBootAware="false"
97-->[androidx.work:work-runtime:2.10.0] AndroidManifest.xml:41:13-44
98            android:enabled="@bool/enable_system_alarm_service_default"
98-->[androidx.work:work-runtime:2.10.0] AndroidManifest.xml:42:13-72
99            android:exported="false" />
99-->[androidx.work:work-runtime:2.10.0] AndroidManifest.xml:43:13-37
100        <service
100-->[androidx.work:work-runtime:2.10.0] AndroidManifest.xml:46:9-52:35
101            android:name="androidx.work.impl.background.systemjob.SystemJobService"
101-->[androidx.work:work-runtime:2.10.0] AndroidManifest.xml:47:13-84
102            android:directBootAware="false"
102-->[androidx.work:work-runtime:2.10.0] AndroidManifest.xml:48:13-44
103            android:enabled="@bool/enable_system_job_service_default"
103-->[androidx.work:work-runtime:2.10.0] AndroidManifest.xml:49:13-70
104            android:exported="true"
104-->[androidx.work:work-runtime:2.10.0] AndroidManifest.xml:50:13-36
105            android:permission="android.permission.BIND_JOB_SERVICE" />
105-->[androidx.work:work-runtime:2.10.0] AndroidManifest.xml:51:13-69
106        <service
106-->[androidx.work:work-runtime:2.10.0] AndroidManifest.xml:53:9-59:35
107            android:name="androidx.work.impl.foreground.SystemForegroundService"
107-->[androidx.work:work-runtime:2.10.0] AndroidManifest.xml:54:13-81
108            android:directBootAware="false"
108-->[androidx.work:work-runtime:2.10.0] AndroidManifest.xml:55:13-44
109            android:enabled="@bool/enable_system_foreground_service_default"
109-->[androidx.work:work-runtime:2.10.0] AndroidManifest.xml:56:13-77
110            android:exported="false" />
110-->[androidx.work:work-runtime:2.10.0] AndroidManifest.xml:57:13-37
111
112        <receiver
112-->[androidx.work:work-runtime:2.10.0] AndroidManifest.xml:61:9-66:35
113            android:name="androidx.work.impl.utils.ForceStopRunnable$BroadcastReceiver"
113-->[androidx.work:work-runtime:2.10.0] AndroidManifest.xml:62:13-88
114            android:directBootAware="false"
114-->[androidx.work:work-runtime:2.10.0] AndroidManifest.xml:63:13-44
115            android:enabled="true"
115-->[androidx.work:work-runtime:2.10.0] AndroidManifest.xml:64:13-35
116            android:exported="false" />
116-->[androidx.work:work-runtime:2.10.0] AndroidManifest.xml:65:13-37
117        <receiver
117-->[androidx.work:work-runtime:2.10.0] AndroidManifest.xml:67:9-77:20
118            android:name="androidx.work.impl.background.systemalarm.ConstraintProxy$BatteryChargingProxy"
118-->[androidx.work:work-runtime:2.10.0] AndroidManifest.xml:68:13-106
119            android:directBootAware="false"
119-->[androidx.work:work-runtime:2.10.0] AndroidManifest.xml:69:13-44
120            android:enabled="false"
120-->[androidx.work:work-runtime:2.10.0] AndroidManifest.xml:70:13-36
121            android:exported="false" >
121-->[androidx.work:work-runtime:2.10.0] AndroidManifest.xml:71:13-37
122            <intent-filter>
122-->[androidx.work:work-runtime:2.10.0] AndroidManifest.xml:73:13-76:29
123                <action android:name="android.intent.action.ACTION_POWER_CONNECTED" />
123-->[androidx.work:work-runtime:2.10.0] AndroidManifest.xml:74:17-87
123-->[androidx.work:work-runtime:2.10.0] AndroidManifest.xml:74:25-84
124                <action android:name="android.intent.action.ACTION_POWER_DISCONNECTED" />
124-->[androidx.work:work-runtime:2.10.0] AndroidManifest.xml:75:17-90
124-->[androidx.work:work-runtime:2.10.0] AndroidManifest.xml:75:25-87
125            </intent-filter>
126        </receiver>
127        <receiver
127-->[androidx.work:work-runtime:2.10.0] AndroidManifest.xml:78:9-88:20
128            android:name="androidx.work.impl.background.systemalarm.ConstraintProxy$BatteryNotLowProxy"
128-->[androidx.work:work-runtime:2.10.0] AndroidManifest.xml:79:13-104
129            android:directBootAware="false"
129-->[androidx.work:work-runtime:2.10.0] AndroidManifest.xml:80:13-44
130            android:enabled="false"
130-->[androidx.work:work-runtime:2.10.0] AndroidManifest.xml:81:13-36
131            android:exported="false" >
131-->[androidx.work:work-runtime:2.10.0] AndroidManifest.xml:82:13-37
132            <intent-filter>
132-->[androidx.work:work-runtime:2.10.0] AndroidManifest.xml:84:13-87:29
133                <action android:name="android.intent.action.BATTERY_OKAY" />
133-->[androidx.work:work-runtime:2.10.0] AndroidManifest.xml:85:17-77
133-->[androidx.work:work-runtime:2.10.0] AndroidManifest.xml:85:25-74
134                <action android:name="android.intent.action.BATTERY_LOW" />
134-->[androidx.work:work-runtime:2.10.0] AndroidManifest.xml:86:17-76
134-->[androidx.work:work-runtime:2.10.0] AndroidManifest.xml:86:25-73
135            </intent-filter>
136        </receiver>
137        <receiver
137-->[androidx.work:work-runtime:2.10.0] AndroidManifest.xml:89:9-99:20
138            android:name="androidx.work.impl.background.systemalarm.ConstraintProxy$StorageNotLowProxy"
138-->[androidx.work:work-runtime:2.10.0] AndroidManifest.xml:90:13-104
139            android:directBootAware="false"
139-->[androidx.work:work-runtime:2.10.0] AndroidManifest.xml:91:13-44
140            android:enabled="false"
140-->[androidx.work:work-runtime:2.10.0] AndroidManifest.xml:92:13-36
141            android:exported="false" >
141-->[androidx.work:work-runtime:2.10.0] AndroidManifest.xml:93:13-37
142            <intent-filter>
142-->[androidx.work:work-runtime:2.10.0] AndroidManifest.xml:95:13-98:29
143                <action android:name="android.intent.action.DEVICE_STORAGE_LOW" />
143-->[androidx.work:work-runtime:2.10.0] AndroidManifest.xml:96:17-83
143-->[androidx.work:work-runtime:2.10.0] AndroidManifest.xml:96:25-80
144                <action android:name="android.intent.action.DEVICE_STORAGE_OK" />
144-->[androidx.work:work-runtime:2.10.0] AndroidManifest.xml:97:17-82
144-->[androidx.work:work-runtime:2.10.0] AndroidManifest.xml:97:25-79
145            </intent-filter>
146        </receiver>
147        <receiver
147-->[androidx.work:work-runtime:2.10.0] AndroidManifest.xml:100:9-109:20
148            android:name="androidx.work.impl.background.systemalarm.ConstraintProxy$NetworkStateProxy"
148-->[androidx.work:work-runtime:2.10.0] AndroidManifest.xml:101:13-103
149            android:directBootAware="false"
149-->[androidx.work:work-runtime:2.10.0] AndroidManifest.xml:102:13-44
150            android:enabled="false"
150-->[androidx.work:work-runtime:2.10.0] AndroidManifest.xml:103:13-36
151            android:exported="false" >
151-->[androidx.work:work-runtime:2.10.0] AndroidManifest.xml:104:13-37
152            <intent-filter>
152-->[androidx.work:work-runtime:2.10.0] AndroidManifest.xml:106:13-108:29
153                <action android:name="android.net.conn.CONNECTIVITY_CHANGE" />
153-->[androidx.work:work-runtime:2.10.0] AndroidManifest.xml:107:17-79
153-->[androidx.work:work-runtime:2.10.0] AndroidManifest.xml:107:25-76
154            </intent-filter>
155        </receiver>
156        <receiver
156-->[androidx.work:work-runtime:2.10.0] AndroidManifest.xml:110:9-121:20
157            android:name="androidx.work.impl.background.systemalarm.RescheduleReceiver"
157-->[androidx.work:work-runtime:2.10.0] AndroidManifest.xml:111:13-88
158            android:directBootAware="false"
158-->[androidx.work:work-runtime:2.10.0] AndroidManifest.xml:112:13-44
159            android:enabled="false"
159-->[androidx.work:work-runtime:2.10.0] AndroidManifest.xml:113:13-36
160            android:exported="false" >
160-->[androidx.work:work-runtime:2.10.0] AndroidManifest.xml:114:13-37
161            <intent-filter>
161-->[androidx.work:work-runtime:2.10.0] AndroidManifest.xml:116:13-120:29
162                <action android:name="android.intent.action.BOOT_COMPLETED" />
162-->[androidx.work:work-runtime:2.10.0] AndroidManifest.xml:117:17-79
162-->[androidx.work:work-runtime:2.10.0] AndroidManifest.xml:117:25-76
163                <action android:name="android.intent.action.TIME_SET" />
163-->[androidx.work:work-runtime:2.10.0] AndroidManifest.xml:118:17-73
163-->[androidx.work:work-runtime:2.10.0] AndroidManifest.xml:118:25-70
164                <action android:name="android.intent.action.TIMEZONE_CHANGED" />
164-->[androidx.work:work-runtime:2.10.0] AndroidManifest.xml:119:17-81
164-->[androidx.work:work-runtime:2.10.0] AndroidManifest.xml:119:25-78
165            </intent-filter>
166        </receiver>
167        <receiver
167-->[androidx.work:work-runtime:2.10.0] AndroidManifest.xml:122:9-131:20
168            android:name="androidx.work.impl.background.systemalarm.ConstraintProxyUpdateReceiver"
168-->[androidx.work:work-runtime:2.10.0] AndroidManifest.xml:123:13-99
169            android:directBootAware="false"
169-->[androidx.work:work-runtime:2.10.0] AndroidManifest.xml:124:13-44
170            android:enabled="@bool/enable_system_alarm_service_default"
170-->[androidx.work:work-runtime:2.10.0] AndroidManifest.xml:125:13-72
171            android:exported="false" >
171-->[androidx.work:work-runtime:2.10.0] AndroidManifest.xml:126:13-37
172            <intent-filter>
172-->[androidx.work:work-runtime:2.10.0] AndroidManifest.xml:128:13-130:29
173                <action android:name="androidx.work.impl.background.systemalarm.UpdateProxies" />
173-->[androidx.work:work-runtime:2.10.0] AndroidManifest.xml:129:17-98
173-->[androidx.work:work-runtime:2.10.0] AndroidManifest.xml:129:25-95
174            </intent-filter>
175        </receiver>
176        <receiver
176-->[androidx.work:work-runtime:2.10.0] AndroidManifest.xml:132:9-142:20
177            android:name="androidx.work.impl.diagnostics.DiagnosticsReceiver"
177-->[androidx.work:work-runtime:2.10.0] AndroidManifest.xml:133:13-78
178            android:directBootAware="false"
178-->[androidx.work:work-runtime:2.10.0] AndroidManifest.xml:134:13-44
179            android:enabled="true"
179-->[androidx.work:work-runtime:2.10.0] AndroidManifest.xml:135:13-35
180            android:exported="true"
180-->[androidx.work:work-runtime:2.10.0] AndroidManifest.xml:136:13-36
181            android:permission="android.permission.DUMP" >
181-->[androidx.work:work-runtime:2.10.0] AndroidManifest.xml:137:13-57
182            <intent-filter>
182-->[androidx.work:work-runtime:2.10.0] AndroidManifest.xml:139:13-141:29
183                <action android:name="androidx.work.diagnostics.REQUEST_DIAGNOSTICS" />
183-->[androidx.work:work-runtime:2.10.0] AndroidManifest.xml:140:17-88
183-->[androidx.work:work-runtime:2.10.0] AndroidManifest.xml:140:25-85
184            </intent-filter>
185        </receiver>
186
187        <service
187-->[com.google.firebase:firebase-auth-ktx:23.1.0] AndroidManifest.xml:8:9-14:19
188            android:name="com.google.firebase.components.ComponentDiscoveryService"
188-->[com.google.firebase:firebase-auth-ktx:23.1.0] AndroidManifest.xml:9:13-84
189            android:directBootAware="true"
189-->[com.google.firebase:firebase-common:21.0.0] AndroidManifest.xml:32:13-43
190            android:exported="false" >
190-->[com.google.firebase:firebase-auth-ktx:23.1.0] AndroidManifest.xml:10:13-37
191            <meta-data
191-->[com.google.firebase:firebase-auth-ktx:23.1.0] AndroidManifest.xml:11:13-13:85
192                android:name="com.google.firebase.components:com.google.firebase.auth.ktx.FirebaseAuthLegacyRegistrar"
192-->[com.google.firebase:firebase-auth-ktx:23.1.0] AndroidManifest.xml:12:17-119
193                android:value="com.google.firebase.components.ComponentRegistrar" />
193-->[com.google.firebase:firebase-auth-ktx:23.1.0] AndroidManifest.xml:13:17-82
194            <meta-data
194-->[com.google.firebase:firebase-auth:23.1.0] AndroidManifest.xml:69:13-71:85
195                android:name="com.google.firebase.components:com.google.firebase.auth.FirebaseAuthRegistrar"
195-->[com.google.firebase:firebase-auth:23.1.0] AndroidManifest.xml:70:17-109
196                android:value="com.google.firebase.components.ComponentRegistrar" />
196-->[com.google.firebase:firebase-auth:23.1.0] AndroidManifest.xml:71:17-82
197            <meta-data
197-->[com.google.firebase:firebase-firestore-ktx:25.1.1] AndroidManifest.xml:12:13-14:85
198                android:name="com.google.firebase.components:com.google.firebase.firestore.ktx.FirebaseFirestoreLegacyRegistrar"
198-->[com.google.firebase:firebase-firestore-ktx:25.1.1] AndroidManifest.xml:13:17-129
199                android:value="com.google.firebase.components.ComponentRegistrar" />
199-->[com.google.firebase:firebase-firestore-ktx:25.1.1] AndroidManifest.xml:14:17-82
200            <meta-data
200-->[com.google.firebase:firebase-firestore:25.1.1] AndroidManifest.xml:17:13-19:85
201                android:name="com.google.firebase.components:com.google.firebase.firestore.FirebaseFirestoreKtxRegistrar"
201-->[com.google.firebase:firebase-firestore:25.1.1] AndroidManifest.xml:18:17-122
202                android:value="com.google.firebase.components.ComponentRegistrar" />
202-->[com.google.firebase:firebase-firestore:25.1.1] AndroidManifest.xml:19:17-82
203            <meta-data
203-->[com.google.firebase:firebase-firestore:25.1.1] AndroidManifest.xml:20:13-22:85
204                android:name="com.google.firebase.components:com.google.firebase.firestore.FirestoreRegistrar"
204-->[com.google.firebase:firebase-firestore:25.1.1] AndroidManifest.xml:21:17-111
205                android:value="com.google.firebase.components.ComponentRegistrar" />
205-->[com.google.firebase:firebase-firestore:25.1.1] AndroidManifest.xml:22:17-82
206            <meta-data
206-->[com.google.firebase:firebase-messaging-ktx:24.0.3] AndroidManifest.xml:26:13-28:85
207                android:name="com.google.firebase.components:com.google.firebase.messaging.ktx.FirebaseMessagingLegacyRegistrar"
207-->[com.google.firebase:firebase-messaging-ktx:24.0.3] AndroidManifest.xml:27:17-129
208                android:value="com.google.firebase.components.ComponentRegistrar" />
208-->[com.google.firebase:firebase-messaging-ktx:24.0.3] AndroidManifest.xml:28:17-82
209            <meta-data
209-->[com.google.firebase:firebase-messaging:24.0.3] AndroidManifest.xml:57:13-59:85
210                android:name="com.google.firebase.components:com.google.firebase.messaging.FirebaseMessagingKtxRegistrar"
210-->[com.google.firebase:firebase-messaging:24.0.3] AndroidManifest.xml:58:17-122
211                android:value="com.google.firebase.components.ComponentRegistrar" />
211-->[com.google.firebase:firebase-messaging:24.0.3] AndroidManifest.xml:59:17-82
212            <meta-data
212-->[com.google.firebase:firebase-messaging:24.0.3] AndroidManifest.xml:60:13-62:85
213                android:name="com.google.firebase.components:com.google.firebase.messaging.FirebaseMessagingRegistrar"
213-->[com.google.firebase:firebase-messaging:24.0.3] AndroidManifest.xml:61:17-119
214                android:value="com.google.firebase.components.ComponentRegistrar" />
214-->[com.google.firebase:firebase-messaging:24.0.3] AndroidManifest.xml:62:17-82
215            <meta-data
215-->[com.google.firebase:firebase-crashlytics-ktx:19.2.1] AndroidManifest.xml:24:13-26:85
216                android:name="com.google.firebase.components:com.google.firebase.crashlytics.ktx.FirebaseCrashlyticsKtxRegistrar"
216-->[com.google.firebase:firebase-crashlytics-ktx:19.2.1] AndroidManifest.xml:25:17-130
217                android:value="com.google.firebase.components.ComponentRegistrar" />
217-->[com.google.firebase:firebase-crashlytics-ktx:19.2.1] AndroidManifest.xml:26:17-82
218            <meta-data
218-->[com.google.firebase:firebase-crashlytics:19.2.1] AndroidManifest.xml:15:13-17:85
219                android:name="com.google.firebase.components:com.google.firebase.crashlytics.FirebaseCrashlyticsKtxRegistrar"
219-->[com.google.firebase:firebase-crashlytics:19.2.1] AndroidManifest.xml:16:17-126
220                android:value="com.google.firebase.components.ComponentRegistrar" />
220-->[com.google.firebase:firebase-crashlytics:19.2.1] AndroidManifest.xml:17:17-82
221            <meta-data
221-->[com.google.firebase:firebase-crashlytics:19.2.1] AndroidManifest.xml:18:13-20:85
222                android:name="com.google.firebase.components:com.google.firebase.crashlytics.CrashlyticsRegistrar"
222-->[com.google.firebase:firebase-crashlytics:19.2.1] AndroidManifest.xml:19:17-115
223                android:value="com.google.firebase.components.ComponentRegistrar" />
223-->[com.google.firebase:firebase-crashlytics:19.2.1] AndroidManifest.xml:20:17-82
224            <meta-data
224-->[com.google.firebase:firebase-sessions:2.0.6] AndroidManifest.xml:29:13-31:85
225                android:name="com.google.firebase.components:com.google.firebase.sessions.FirebaseSessionsRegistrar"
225-->[com.google.firebase:firebase-sessions:2.0.6] AndroidManifest.xml:30:17-117
226                android:value="com.google.firebase.components.ComponentRegistrar" />
226-->[com.google.firebase:firebase-sessions:2.0.6] AndroidManifest.xml:31:17-82
227            <meta-data
227-->[com.google.firebase:firebase-installations:18.0.0] AndroidManifest.xml:15:13-17:85
228                android:name="com.google.firebase.components:com.google.firebase.installations.FirebaseInstallationsKtxRegistrar"
228-->[com.google.firebase:firebase-installations:18.0.0] AndroidManifest.xml:16:17-130
229                android:value="com.google.firebase.components.ComponentRegistrar" />
229-->[com.google.firebase:firebase-installations:18.0.0] AndroidManifest.xml:17:17-82
230            <meta-data
230-->[com.google.firebase:firebase-installations:18.0.0] AndroidManifest.xml:18:13-20:85
231                android:name="com.google.firebase.components:com.google.firebase.installations.FirebaseInstallationsRegistrar"
231-->[com.google.firebase:firebase-installations:18.0.0] AndroidManifest.xml:19:17-127
232                android:value="com.google.firebase.components.ComponentRegistrar" />
232-->[com.google.firebase:firebase-installations:18.0.0] AndroidManifest.xml:20:17-82
233            <meta-data
233-->[com.google.firebase:firebase-common-ktx:21.0.0] AndroidManifest.xml:12:13-14:85
234                android:name="com.google.firebase.components:com.google.firebase.ktx.FirebaseCommonLegacyRegistrar"
234-->[com.google.firebase:firebase-common-ktx:21.0.0] AndroidManifest.xml:13:17-116
235                android:value="com.google.firebase.components.ComponentRegistrar" />
235-->[com.google.firebase:firebase-common-ktx:21.0.0] AndroidManifest.xml:14:17-82
236            <meta-data
236-->[com.google.firebase:firebase-common:21.0.0] AndroidManifest.xml:35:13-37:85
237                android:name="com.google.firebase.components:com.google.firebase.FirebaseCommonKtxRegistrar"
237-->[com.google.firebase:firebase-common:21.0.0] AndroidManifest.xml:36:17-109
238                android:value="com.google.firebase.components.ComponentRegistrar" />
238-->[com.google.firebase:firebase-common:21.0.0] AndroidManifest.xml:37:17-82
239            <meta-data
239-->[com.google.firebase:firebase-datatransport:19.0.0] AndroidManifest.xml:25:13-27:85
240                android:name="com.google.firebase.components:com.google.firebase.datatransport.TransportRegistrar"
240-->[com.google.firebase:firebase-datatransport:19.0.0] AndroidManifest.xml:26:17-115
241                android:value="com.google.firebase.components.ComponentRegistrar" />
241-->[com.google.firebase:firebase-datatransport:19.0.0] AndroidManifest.xml:27:17-82
242        </service>
243
244        <activity
244-->[com.google.firebase:firebase-auth:23.1.0] AndroidManifest.xml:29:9-46:20
245            android:name="com.google.firebase.auth.internal.GenericIdpActivity"
245-->[com.google.firebase:firebase-auth:23.1.0] AndroidManifest.xml:30:13-80
246            android:excludeFromRecents="true"
246-->[com.google.firebase:firebase-auth:23.1.0] AndroidManifest.xml:31:13-46
247            android:exported="true"
247-->[com.google.firebase:firebase-auth:23.1.0] AndroidManifest.xml:32:13-36
248            android:launchMode="singleTask"
248-->[com.google.firebase:firebase-auth:23.1.0] AndroidManifest.xml:33:13-44
249            android:theme="@android:style/Theme.Translucent.NoTitleBar" >
249-->[com.google.firebase:firebase-auth:23.1.0] AndroidManifest.xml:34:13-72
250            <intent-filter>
250-->[com.google.firebase:firebase-auth:23.1.0] AndroidManifest.xml:35:13-45:29
251                <action android:name="android.intent.action.VIEW" />
251-->src/main/AndroidManifest.xml:24:17-69
251-->src/main/AndroidManifest.xml:24:25-66
252
253                <category android:name="android.intent.category.DEFAULT" />
253-->src/main/AndroidManifest.xml:25:17-76
253-->src/main/AndroidManifest.xml:25:27-73
254                <category android:name="android.intent.category.BROWSABLE" />
254-->src/main/AndroidManifest.xml:26:17-78
254-->src/main/AndroidManifest.xml:26:27-75
255
256                <data
256-->src/main/AndroidManifest.xml:27:17-81
257                    android:host="firebase.auth"
257-->src/main/AndroidManifest.xml:27:23-43